<?xml version="1.0" encoding="UTF-8"?>
<testsuite xmlns:xsi="http://www.w3.org/2001/XMLSchema-instance" xsi:noNamespaceSchemaLocation="https://maven.apache.org/surefire/maven-surefire-plugin/xsd/surefire-test-report.xsd" name="cucumber.Options.TestRunner" time="7.227" tests="2" errors="0" skipped="0" failures="0">
  <properties>
[...]
</properties>
  <testcase name="Verify if place is being successfully added using AddPlaceAPI" classname="Validating Place API" time="4.475"/>
  <testcase name="Verify If Delete Place Functionality Is Working" classname="Validating Place API" time="2.409"/>
</testsuite>